Log file open, 06/06/19 00:33:19
LogWindows: Failed to load 'aqProf.dll' (GetLastError=126)
LogWindows: File 'aqProf.dll' does not exist
LogWindows: Failed to load 'VtuneApi.dll' (GetLastError=126)
LogWindows: File 'VtuneApi.dll' does not exist
LogWindows: Failed to load 'VtuneApi32e.dll' (GetLastError=126)
LogWindows: File 'VtuneApi32e.dll' does not exist
LogConsoleResponse: Display: Failed to find resolution value strings in scalability ini. Falling back to default.
LogInit: Display: Running engine for game: Southworth_3d3rdPer
LogPakFile: Registered encryption key '00000000000000000000000000000000': 0 pak files mounted, 0 remain pending
LogPlatformFile: Not using cached read wrapper
LogTaskGraph: Started task graph with 5 named threads and 23 total threads with 3 sets of task threads.
LogStats: Stats thread started at 0.260531
LogD3D11RHI: Loaded GFSDK_Aftermath_Lib.x64.dll
LogWindows: Failed to load '../../../Engine/Binaries/ThirdParty/libsndfile/Win64/libsndfile-1.dll' (GetLastError=126)
LogWindows: File '../../../Engine/Binaries/ThirdParty/libsndfile/Win64/libsndfile-1.dll' does not exist
LogAudioMixer: Display: Failed to load Sound File dll
LogAudioEditor: Display: LibSoundFile failed to load. Importing audio will not work correctly.
LogICUInternationalization: ICU TimeZone Detection - Raw Offset: -5:00, Platform Override: ''
LogPluginManager: Mounting plugin Paper2D
LogPluginManager: Mounting plugin AISupport
LogPluginManager: Mounting plugin LightPropagationVolume
LogPluginManager: Mounting plugin ActorLayerUtilities
LogPluginManager: Mounting plugin AnimationSharing
LogPluginManager: Mounting plugin CLionSourceCodeAccess
LogPluginManager: Mounting plugin CodeLiteSourceCodeAccess
LogPluginManager: Mounting plugin GitSourceControl
LogPluginManager: Mounting plugin KDevelopSourceCodeAccess
LogPluginManager: Mounting plugin NullSourceCodeAccess
LogPluginManager: Mounting plugin PerforceSourceControl
LogPluginManager: Mounting plugin SubversionSourceControl
LogPluginManager: Mounting plugin UObjectPlugin
LogPluginManager: Mounting plugin VisualStudioCodeSourceCodeAccess
LogPluginManager: Mounting plugin VisualStudioSourceCodeAccess
LogPluginManager: Mounting plugin XCodeSourceCodeAccess
LogPluginManager: Mounting plugin AssetManagerEditor
LogPluginManager: Mounting plugin CryptoKeys
LogPluginManager: Mounting plugin DataValidation
LogPluginManager: Mounting plugin FacialAnimation
LogPluginManager: Mounting plugin GameplayTagsEditor
LogPluginManager: Mounting plugin MacGraphicsSwitching
LogPluginManager: Mounting plugin MaterialAnalyzer
LogPluginManager: Mounting plugin MobileLauncherProfileWizard
LogPluginManager: Mounting plugin PluginBrowser
LogPluginManager: Mounting plugin SpeedTreeImporter
LogPluginManager: Mounting plugin DatasmithContent
LogPluginManager: Mounting plugin VariantManagerContent
LogPluginManager: Mounting plugin AlembicImporter
LogPluginManager: Mounting plugin AppleImageUtils
LogPluginManager: Mounting plugin AppleVision
LogPluginManager: Mounting plugin BackChannel
LogPluginManager: Mounting plugin CharacterAI
LogPluginManager: Mounting plugin GeometryCache
LogPluginManager: Mounting plugin HTML5Networking
LogPluginManager: Mounting plugin ProxyLODPlugin
LogPluginManager: Mounting plugin SkeletalReduction
LogPluginManager: Mounting plugin MagicLeap
LogPluginManager: Mounting plugin MagicLeapMedia
LogPluginManager: Mounting plugin AndroidMedia
LogPluginManager: Mounting plugin AvfMedia
LogPluginManager: Mounting plugin ImgMedia
LogPluginManager: Mounting plugin LinearTimecode
LogPluginManager: Mounting plugin MediaCompositing
LogPluginManager: Mounting plugin MediaPlayerEditor
LogPluginManager: Mounting plugin WebMMedia
LogPluginManager: Mounting plugin WmfMedia
LogPluginManager: Mounting plugin TcpMessaging
LogPluginManager: Mounting plugin UdpMessaging
LogPluginManager: Mounting plugin ActorSequence
LogPluginManager: Mounting plugin LevelSequenceEditor
LogPluginManager: Mounting plugin MatineeToLevelSequence
LogPluginManager: Mounting plugin NetcodeUnitTest
LogPluginManager: Mounting plugin NUTUnrealEngine4
LogPluginManager: Mounting plugin OnlineSubsystemGooglePlay
LogPluginManager: Mounting plugin OnlineSubsystemIOS
LogPluginManager: Mounting plugin OnlineSubsystem
LogPluginManager: Mounting plugin OnlineSubsystemNull
LogPluginManager: Mounting plugin OnlineSubsystemUtils
LogPluginManager: Mounting plugin LauncherChunkInstaller
LogPluginManager: Mounting plugin AndroidDeviceProfileSelector
LogPluginManager: Mounting plugin AndroidMoviePlayer
LogPluginManager: Mounting plugin AndroidPermission
LogPluginManager: Mounting plugin AppleMoviePlayer
LogPluginManager: Mounting plugin ArchVisCharacter
LogPluginManager: Mounting plugin AudioCapture
LogPluginManager: Mounting plugin CableComponent
LogPluginManager: Mounting plugin CustomMeshComponent
LogPluginManager: Mounting plugin EditableMesh
LogPluginManager: Mounting plugin ExampleDeviceProfileSelector
LogPluginManager: Mounting plugin Firebase
LogPluginManager: Mounting plugin GoogleCloudMessaging
LogPluginManager: Mounting plugin IOSDeviceProfileSelector
LogPluginManager: Mounting plugin LinuxDeviceProfileSelector
LogPluginManager: Mounting plugin LocationServicesBPLibrary
LogPluginManager: Mounting plugin MobilePatchingUtils
LogPluginManager: Mounting plugin OculusVR
LogPluginManager: Mounting plugin PhysXVehicles
LogPluginManager: Mounting plugin ProceduralMeshComponent
LogPluginManager: Mounting plugin RuntimePhysXCooking
LogPluginManager: Mounting plugin SignificanceManager
LogPluginManager: Mounting plugin SteamVR
LogPluginManager: Mounting plugin WebMMoviePlayer
LogPluginManager: Mounting plugin WindowsMoviePlayer
LogInit: Using libcurl 7.55.1-DEV
LogInit:  - built for x86_64-pc-win32
LogInit:  - supports SSL with OpenSSL/1.1.1
LogInit:  - supports HTTP deflate (compression) using libz 1.2.8
LogInit:  - other features:
LogInit:      CURL_VERSION_SSL
LogInit:      CURL_VERSION_LIBZ
LogInit:      CURL_VERSION_IPV6
LogInit:      CURL_VERSION_ASYNCHDNS
LogInit:      CURL_VERSION_LARGEFILE
LogInit:      CURL_VERSION_IDN
LogInit:  CurlRequestOptions (configurable via config and command line):
LogInit:  - bVerifyPeer = true  - Libcurl will verify peer certificate
LogInit:  - bUseHttpProxy = false  - Libcurl will NOT use HTTP proxy
LogInit:  - bDontReuseConnections = false  - Libcurl will reuse connections
LogInit:  - MaxHostConnections = 16  - Libcurl will limit the number of connections to a host
LogInit:  - LocalHostAddr = Default
LogInit:  - BufferSize = 65536
LogInit: WinSock: version 1.1 (2.2), MaxSocks=32767, MaxUdp=65467
LogInit: Build: ++UE4+Release-4.22-CL-5660361
LogInit: Engine Version: 4.22.0-5660361+++UE4+Release-4.22
LogInit: Compatible Engine Version: 4.22.0-5660361+++UE4+Release-4.22
LogInit: Net CL: 5660361
LogInit: OS: Windows 8.1 (), CPU: Intel(R) Core(TM) i7-4790 CPU @ 3.60GHz, GPU: NVIDIA Quadro K2200
LogInit: Compiled (64-bit): Mar 31 2019 02:05:09
LogInit: Compiled with Visual C++: 19.16.27025.01
LogInit: Build Configuration: Development
LogInit: Branch Name: ++UE4+Release-4.22
LogInit: Command Line: 
LogInit: Base Directory: Z:/Program Files/Epic Games/UE_4.22/Engine/Binaries/Win64/
LogInit: Installed Engine Build: 1
LogDevObjectVersion: Number of dev versions registered: 23
LogDevObjectVersion:   Dev-Blueprints (B0D832E4-1F89-4F0D-ACCF-7EB736FD4AA2): 10
LogDevObjectVersion:   Dev-Build (E1C64328-A22C-4D53-A36C-8E866417BD8C): 0
LogDevObjectVersion:   Dev-Core (375EC13C-06E4-48FB-B500-84F0262A717E): 3
LogDevObjectVersion:   Dev-Editor (E4B068ED-F494-42E9-A231-DA0B2E46BB41): 30
LogDevObjectVersion:   Dev-Framework (CFFC743F-43B0-4480-9391-14DF171D2073): 35
LogDevObjectVersion:   Dev-Mobile (B02B49B5-BB20-44E9-A304-32B752E40360): 2
LogDevObjectVersion:   Dev-Networking (A4E4105C-59A1-49B5-A7C5-40C4547EDFEE): 0
LogDevObjectVersion:   Dev-Online (39C831C9-5AE6-47DC-9A44-9C173E1C8E7C): 0
LogDevObjectVersion:   Dev-Physics (78F01B33-EBEA-4F98-B9B4-84EACCB95AA2): 0
LogDevObjectVersion:   Dev-Platform (6631380F-2D4D-43E0-8009-CF276956A95A): 0
LogDevObjectVersion:   Dev-Rendering (12F88B9F-8875-4AFC-A67C-D90C383ABD29): 28
LogDevObjectVersion:   Dev-Sequencer (7B5AE74C-D270-4C10-A958-57980B212A5A): 11
LogDevObjectVersion:   Dev-VR (D7296918-1DD6-4BDD-9DE2-64A83CC13884): 2
LogDevObjectVersion:   Dev-LoadTimes (C2A15278-BFE7-4AFE-6C17-90FF531DF755): 1
LogDevObjectVersion:   Private-Geometry (6EACA3D4-40EC-4CC1-B786-8BED09428FC5): 3
LogDevObjectVersion:   Dev-AnimPhys (29E575DD-E0A3-4627-9D10-D276232CDCEA): 17
LogDevObjectVersion:   Dev-Anim (AF43A65D-7FD3-4947-9873-3E8ED9C1BB05): 2
LogDevObjectVersion:   Dev-ReflectionCapture (6B266CEC-1EC7-4B8F-A30B-E4D90942FC07): 1
LogDevObjectVersion:   Dev-Automation (0DF73D61-A23F-47EA-B727-89E90C41499A): 1
LogDevObjectVersion:   FortniteMain (601D1886-AC64-4F84-AA16-D3DE0DEAC7D6): 25
LogDevObjectVersion:   Dev-Enterprise (9DFFBCD6-494F-0158-E221-12823C92A888): 6
LogDevObjectVersion:   Dev-Niagara (F2AED0AC-9AFE-416F-8664-AA7FFA26D6FC): 1
LogDevObjectVersion:   Dev-Destruction (174F1F0B-B4C6-45A5-B13F-2EE8D0FB917D): 2
LogInit: Presizing for max 16777216 objects, including 0 objects not considered by GC, pre-allocating 0 bytes for permanent pool.
LogInit: Object subsystem initialized
LogConfig: Setting CVar [[con.DebugEarlyDefault:1]]
LogConfig: Setting CVar [[r.setres:1280x720]]
[2019.06.06-04.33.19:328][  0]LogConfig: Setting CVar [[r.VSync:0]]
[2019.06.06-04.33.19:328][  0]LogConfig: Setting CVar [[r.RHICmdBypass:0]]
[2019.06.06-04.33.19:328][  0]LogConfig: Applying CVar settings from Section [/Script/Engine.RendererSettings] File [Z:/Users/els/Documents/GitHub/_GAM207_unreal_3d3rdPerson/Southworth_3d3rdPer/Saved/Config/Windows/Engine.ini]
[2019.06.06-04.33.19:328][  0]LogConfig: Setting CVar [[r.GPUCrashDebugging:0]]
[2019.06.06-04.33.19:328][  0]LogConfig: Applying CVar settings from Section [/Script/Engine.RendererOverrideSettings] File [Z:/Users/els/Documents/GitHub/_GAM207_unreal_3d3rdPerson/Southworth_3d3rdPer/Saved/Config/Windows/Engine.ini]
[2019.06.06-04.33.19:328][  0]LogConfig: Applying CVar settings from Section [/Script/Engine.StreamingSettings] File [Z:/Users/els/Documents/GitHub/_GAM207_unreal_3d3rdPerson/Southworth_3d3rdPer/Saved/Config/Windows/Engine.ini]
[2019.06.06-04.33.19:328][  0]LogConfig: Setting CVar [[s.MinBulkDataSizeForAsyncLoading:131072]]
[2019.06.06-04.33.19:328][  0]LogConfig: Setting CVar [[s.AsyncLoadingThreadEnabled:0]]
[2019.06.06-04.33.19:328][  0]LogConfig: Setting CVar [[s.EventDrivenLoaderEnabled:1]]
[2019.06.06-04.33.19:328][  0]LogConfig: Setting CVar [[s.WarnIfTimeLimitExceeded:0]]
[2019.06.06-04.33.19:328][  0]LogConfig: Setting CVar [[s.TimeLimitExceededMultiplier:1.5]]
[2019.06.06-04.33.19:328][  0]LogConfig: Setting CVar [[s.TimeLimitExceededMinTime:0.005]]
[2019.06.06-04.33.19:328][  0]LogConfig: Setting CVar [[s.UseBackgroundLevelStreaming:1]]
[2019.06.06-04.33.19:328][  0]LogConfig: Setting CVar [[s.PriorityAsyncLoadingExtraTime:15.0]]
[2019.06.06-04.33.19:328][  0]LogConfig: Setting CVar [[s.LevelStreamingActorsUpdateTimeLimit:5.0]]
[2019.06.06-04.33.19:328][  0]LogConfig: Setting CVar [[s.PriorityLevelStreamingActorsUpdateExtraTime:5.0]]
[2019.06.06-04.33.19:328][  0]LogConfig: Setting CVar [[s.LevelStreamingComponentsRegistrationGranularity:10]]
[2019.06.06-04.33.19:328][  0]LogConfig: Setting CVar [[s.UnregisterComponentsTimeLimit:1.0]]
[2019.06.06-04.33.19:328][  0]LogConfig: Setting CVar [[s.LevelStreamingComponentsUnregistrationGranularity:5]]
[2019.06.06-04.33.19:328][  0]LogConfig: Applying CVar settings from Section [/Script/Engine.GarbageCollectionSettings] File [Z:/Users/els/Documents/GitHub/_GAM207_unreal_3d3rdPerson/Southworth_3d3rdPer/Saved/Config/Windows/Engine.ini]
[2019.06.06-04.33.19:328][  0]LogConfig: Setting CVar [[gc.MaxObjectsNotConsideredByGC:1]]
[2019.06.06-04.33.19:328][  0]LogConfig: Setting CVar [[gc.SizeOfPermanentObjectPool:0]]
[2019.06.06-04.33.19:328][  0]LogConfig: Setting CVar [[gc.FlushStreamingOnGC:0]]
[2019.06.06-04.33.19:328][  0]LogConfig: Setting CVar [[gc.NumRetriesBeforeForcingGC:10]]
[2019.06.06-04.33.19:328][  0]LogConfig: Setting CVar [[gc.AllowParallelGC:1]]
[2019.06.06-04.33.19:328][  0]LogConfig: Setting CVar [[gc.TimeBetweenPurgingPendingKillObjects:61.1]]
[2019.06.06-04.33.19:328][  0]LogConfig: Setting CVar [[gc.MaxObjectsInEditor:16777216]]
[2019.06.06-04.33.19:328][  0]LogConfig: Setting CVar [[gc.IncrementalBeginDestroyEnabled:1]]
[2019.06.06-04.33.19:328][  0]LogConfig: Setting CVar [[gc.CreateGCClusters:1]]
[2019.06.06-04.33.19:328][  0]LogConfig: Setting CVar [[gc.MinGCClusterSize:5]]
[2019.06.06-04.33.19:328][  0]LogConfig: Setting CVar [[gc.ActorClusteringEnabled:0]]
[2019.06.06-04.33.19:328][  0]LogConfig: Setting CVar [[gc.BlueprintClusteringEnabled:0]]
[2019.06.06-04.33.19:328][  0]LogConfig: Setting CVar [[gc.UseDisregardForGCOnDedicatedServers:0]]
[2019.06.06-04.33.19:328][  0]LogConfig: Applying CVar settings from Section [/Script/Engine.NetworkSettings] File [Z:/Users/els/Documents/GitHub/_GAM207_unreal_3d3rdPerson/Southworth_3d3rdPer/Saved/Config/Windows/Engine.ini]
[2019.06.06-04.33.19:328][  0]LogConfig: Applying CVar settings from Section [/Script/UnrealEd.CookerSettings] File [Z:/Users/els/Documents/GitHub/_GAM207_unreal_3d3rdPerson/Southworth_3d3rdPer/Saved/Config/Windows/Engine.ini]
[2019.06.06-04.33.19:332][  0]LogConfig: Applying CVar settings from Section [ViewDistanceQuality@3] File [Z:/Users/els/Documents/GitHub/_GAM207_unreal_3d3rdPerson/Southworth_3d3rdPer/Saved/Config/Windows/Scalability.ini]
[2019.06.06-04.33.19:332][  0]LogConfig: Setting CVar [[r.SkeletalMeshLODBias:0]]
[2019.06.06-04.33.19:332][  0]LogConfig: Setting CVar [[r.ViewDistanceScale:1.0]]
[2019.06.06-04.33.19:332][  0]LogConfig: Applying CVar settings from Section [AntiAliasingQuality@3] File [Z:/Users/els/Documents/GitHub/_GAM207_unreal_3d3rdPerson/Southworth_3d3rdPer/Saved/Config/Windows/Scalability.ini]
[2019.06.06-04.33.19:332][  0]LogConfig: Setting CVar [[r.PostProcessAAQuality:4]]
[2019.06.06-04.33.19:332][  0]LogConfig: Applying CVar settings from Section [ShadowQuality@3] File [Z:/Users/els/Documents/GitHub/_GAM207_unreal_3d3rdPerson/Southworth_3d3rdPer/Saved/Config/Windows/Scalability.ini]
[2019.06.06-04.33.19:332][  0]LogConfig: Setting CVar [[r.LightFunctionQuality:1]]
[2019.06.06-04.33.19:332][  0]LogConfig: Setting CVar [[r.ShadowQuality:5]]
[2019.06.06-04.33.19:332][  0]LogConfig: Setting CVar [[r.Shadow.CSM.MaxCascades:10]]
[2019.06.06-04.33.19:332][  0]LogConfig: Setting CVar [[r.Shadow.MaxResolution:2048]]
[2019.06.06-04.33.19:332][  0]LogConfig: Setting CVar [[r.Shadow.MaxCSMResolution:2048]]
[2019.06.06-04.33.19:332][  0]LogConfig: Setting CVar [[r.Shadow.RadiusThreshold:0.01]]
[2019.06.06-04.33.19:332][  0]LogConfig: Setting CVar [[r.Shadow.DistanceScale:1.0]]
[2019.06.06-04.33.19:332][  0]LogConfig: Setting CVar [[r.Shadow.CSM.TransitionScale:1.0]]
[2019.06.06-04.33.19:332][  0]LogConfig: Setting CVar [[r.Shadow.PreShadowResolutionFactor:1.0]]
[2019.06.06-04.33.19:332][  0]LogConfig: Setting CVar [[r.DistanceFieldShadowing:1]]
[2019.06.06-04.33.19:332][  0]LogConfig: Setting CVar [[r.DistanceFieldAO:1]]
[2019.06.06-04.33.19:332][  0]LogConfig: Setting CVar [[r.AOQuality:2]]
[2019.06.06-04.33.19:332][  0]LogConfig: Setting CVar [[r.VolumetricFog:1]]
[2019.06.06-04.33.19:332][  0]LogConfig: Setting CVar [[r.VolumetricFog.GridPixelSize:8]]
[2019.06.06-04.33.19:332][  0]LogConfig: Setting CVar [[r.VolumetricFog.GridSizeZ:128]]
[2019.06.06-04.33.19:332][  0]LogConfig: Setting CVar [[r.VolumetricFog.HistoryMissSupersampleCount:4]]
[2019.06.06-04.33.19:332][  0]LogConfig: Setting CVar [[r.LightMaxDrawDistanceScale:1]]
[2019.06.06-04.33.19:332][  0]LogConfig: Setting CVar [[r.CapsuleShadows:1]]
[2019.06.06-04.33.19:332][  0]LogConfig: Applying CVar settings from Section [PostProcessQuality@3] File [Z:/Users/els/Documents/GitHub/_GAM207_unreal_3d3rdPerson/Southworth_3d3rdPer/Saved/Config/Windows/Scalability.ini]
[2019.06.06-04.33.19:332][  0]LogConfig: Setting CVar [[r.MotionBlurQuality:4]]
[2019.06.06-04.33.19:332][  0]LogConfig: Setting CVar [[r.AmbientOcclusionMipLevelFactor:0.4]]
[2019.06.06-04.33.19:332][  0]LogConfig: Setting CVar [[r.AmbientOcclusionMaxQuality:100]]
[2019.06.06-04.33.19:332][  0]LogConfig: Setting CVar [[r.AmbientOcclusionLevels:-1]]
[2019.06.06-04.33.19:332][  0]LogConfig: Setting CVar [[r.AmbientOcclusionRadiusScale:1.0]]
[2019.06.06-04.33.19:332][  0]LogConfig: Setting CVar [[r.DepthOfFieldQuality:2]]
[2019.06.06-04.33.19:332][  0]LogConfig: Setting CVar [[r.RenderTargetPoolMin:400]]
[2019.06.06-04.33.19:332][  0]LogConfig: Setting CVar [[r.LensFlareQuality:2]]
[2019.06.06-04.33.19:332][  0]LogConfig: Setting CVar [[r.SceneColorFringeQuality:1]]
[2019.06.06-04.33.19:332][  0]LogConfig: Setting CVar [[r.EyeAdaptationQuality:2]]
[2019.06.06-04.33.19:332][  0]LogConfig: Setting CVar [[r.BloomQuality:5]]
[2019.06.06-04.33.19:332][  0]LogConfig: Setting CVar [[r.FastBlurThreshold:100]]
[2019.06.06-04.33.19:332][  0]LogConfig: Setting CVar [[r.Upscale.Quality:3]]
[2019.06.06-04.33.19:332][  0]LogConfig: Setting CVar [[r.Tonemapper.GrainQuantization:1]]
[2019.06.06-04.33.19:332][  0]LogConfig: Setting CVar [[r.LightShaftQuality:1]]
[2019.06.06-04.33.19:333][  0]LogConfig: Setting CVar [[r.Filter.SizeScale:1]]
[2019.06.06-04.33.19:333][  0]LogConfig: Setting CVar [[r.Tonemapper.Quality:5]]
[2019.06.06-04.33.19:333][  0]LogConfig: Setting CVar [[r.DOF.Gather.AccumulatorQuality:1        ; higher gathering accumulator quality]]
[2019.06.06-04.33.19:333][  0]LogConfig: Setting CVar [[r.DOF.Gather.PostfilterMethod:1          ; Median3x3 postfilering method]]
[2019.06.06-04.33.19:333][  0]LogConfig: Setting CVar [[r.DOF.Gather.EnableBokehSettings:0       ; no bokeh simulation when gathering]]
[2019.06.06-04.33.19:333][  0]LogConfig: Setting CVar [[r.DOF.Gather.RingCount:4                 ; medium number of samples when gathering]]
[2019.06.06-04.33.19:333][  0]LogConfig: Setting CVar [[r.DOF.Scatter.ForegroundCompositing:1    ; additive foreground scattering]]
[2019.06.06-04.33.19:333][  0]LogConfig: Setting CVar [[r.DOF.Scatter.BackgroundCompositing:2    ; additive background scattering]]
[2019.06.06-04.33.19:333][  0]LogConfig: Setting CVar [[r.DOF.Scatter.EnableBokehSettings:1      ; bokeh simulation when scattering]]
[2019.06.06-04.33.19:333][  0]LogConfig: Setting CVar [[r.DOF.Scatter.MaxSpriteRatio:0.1         ; only a maximum of 10% of scattered bokeh]]
[2019.06.06-04.33.19:333][  0]LogConfig: Setting CVar [[r.DOF.Recombine.Quality:1                ; cheap slight out of focus]]
[2019.06.06-04.33.19:333][  0]LogConfig: Setting CVar [[r.DOF.Recombine.EnableBokehSettings:0    ; no bokeh simulation on slight out of focus]]
[2019.06.06-04.33.19:333][  0]LogConfig: Setting CVar [[r.DOF.TemporalAAQuality:1                ; more stable temporal accumulation]]
[2019.06.06-04.33.19:333][  0]LogConfig: Setting CVar [[r.DOF.Kernel.MaxForegroundRadius:0.025]]
[2019.06.06-04.33.19:333][  0]LogConfig: Setting CVar [[r.DOF.Kernel.MaxBackgroundRadius:0.025]]
[2019.06.06-04.33.19:333][  0]LogConfig: Applying CVar settings from Section [TextureQuality@3] File [Z:/Users/els/Documents/GitHub/_GAM207_unreal_3d3rdPerson/Southworth_3d3rdPer/Saved/Config/Windows/Scalability.ini]
[2019.06.06-04.33.19:333][  0]LogConfig: Setting CVar [[r.Streaming.MipBias:0]]
[2019.06.06-04.33.19:333][  0]LogConfig: Setting CVar [[r.Streaming.AmortizeCPUToGPUCopy:0]]
[2019.06.06-04.33.19:333][  0]LogConfig: Setting CVar [[r.Streaming.MaxNumTexturesToStreamPerFrame:0]]
[2019.06.06-04.33.19:333][  0]LogConfig: Setting CVar [[r.Streaming.Boost:1]]
[2019.06.06-04.33.19:333][  0]LogConfig: Setting CVar [[r.MaxAnisotropy:8]]
[2019.06.06-04.33.19:333][  0]LogConfig: Setting CVar [[r.Streaming.LimitPoolSizeToVRAM:0]]
[2019.06.06-04.33.19:333][  0]LogConfig: Setting CVar [[r.Streaming.PoolSize:1000]]
[2019.06.06-04.33.19:333][  0]LogConfig: Setting CVar [[r.Streaming.MaxEffectiveScreenSize:0]]
[2019.06.06-04.33.19:333][  0]LogConfig: Applying CVar settings from Section [EffectsQuality@3] File [Z:/Users/els/Documents/GitHub/_GAM207_unreal_3d3rdPerson/Southworth_3d3rdPer/Saved/Config/Windows/Scalability.ini]
[2019.06.06-04.33.19:333][  0]LogConfig: Setting CVar [[r.TranslucencyLightingVolumeDim:64]]
[2019.06.06-04.33.19:333][  0]LogConfig: Setting CVar [[r.RefractionQuality:2]]
[2019.06.06-04.33.19:333][  0]LogConfig: Setting CVar [[r.SSR.Quality:3]]
[2019.06.06-04.33.19:333][  0]LogConfig: Setting CVar [[r.SceneColorFormat:4]]
[2019.06.06-04.33.19:333][  0]LogConfig: Setting CVar [[r.DetailMode:2]]
[2019.06.06-04.33.19:333][  0]LogConfig: Setting CVar [[r.TranslucencyVolumeBlur:1]]
[2019.06.06-04.33.19:333][  0]LogConfig: Setting CVar [[r.MaterialQualityLevel:1 ; High quality]]
[2019.06.06-04.33.19:333][  0]LogConfig: Setting CVar [[r.SSS.Scale:1]]
[2019.06.06-04.33.19:333][  0]LogConfig: Setting CVar [[r.SSS.SampleSet:2]]
[2019.06.06-04.33.19:333][  0]LogConfig: Setting CVar [[r.SSS.Quality:1]]
[2019.06.06-04.33.19:333][  0]LogConfig: Setting CVar [[r.SSS.HalfRes:1]]
[2019.06.06-04.33.19:333][  0]LogConfig: Setting CVar [[r.EmitterSpawnRateScale:1.0]]
[2019.06.06-04.33.19:333][  0]LogConfig: Setting CVar [[r.ParticleLightQuality:2]]
[2019.06.06-04.33.19:333][  0]LogConfig: Applying CVar settings from Section [FoliageQuality@3] File [Z:/Users/els/Documents/GitHub/_GAM207_unreal_3d3rdPerson/Southworth_3d3rdPer/Saved/Config/Windows/Scalability.ini]
[2019.06.06-04.33.19:333][  0]LogConfig: Setting CVar [[foliage.DensityScale:1.0]]
[2019.06.06-04.33.19:333][  0]LogConfig: Setting CVar [[grass.DensityScale:1.0]]
[2019.06.06-04.33.19:333][  0]LogInit: Selected Device Profile: [Windows]
[2019.06.06-04.33.19:333][  0]LogInit: Applying CVar settings loaded from the selected device profile: [Windows]
[2019.06.06-04.33.19:351][  0]LogHAL: Display: Platform has ~ 32 GB [34100625408 / 34359738368 / 32], which maps to Largest [LargestMinGB=32, LargerMinGB=12, DefaultMinGB=8, SmallerMinGB=6, SmallestMinGB=0)
[2019.06.06-04.33.19:351][  0]LogConfig: Setting CVar [[r.Vulkan.UseRealUBs:0		; Required until we fix HLR fall-out]]
[2019.06.06-04.33.19:351][  0]LogInit: Going up to parent DeviceProfile []
[2019.06.06-04.33.19:351][  0]LogConfig: Applying CVar settings from Section [ViewDistanceQuality@3] File [Z:/Users/els/Documents/GitHub/_GAM207_unreal_3d3rdPerson/Southworth_3d3rdPer/Saved/Config/Windows/Scalability.ini]
[2019.06.06-04.33.19:351][  0]LogConfig: Setting CVar [[r.SkeletalMeshLODBias:0]]
[2019.06.06-04.33.19:351][  0]LogConfig: Setting CVar [[r.ViewDistanceScale:1.0]]
[2019.06.06-04.33.19:351][  0]LogConfig: Applying CVar settings from Section [AntiAliasingQuality@3] File [Z:/Users/els/Documents/GitHub/_GAM207_unreal_3d3rdPerson/Southworth_3d3rdPer/Saved/Config/Windows/Scalability.ini]
[2019.06.06-04.33.19:351][  0]LogConfig: Setting CVar [[r.PostProcessAAQuality:4]]
[2019.06.06-04.33.19:351][  0]LogConfig: Applying CVar settings from Section [ShadowQuality@3] File [Z:/Users/els/Documents/GitHub/_GAM207_unreal_3d3rdPerson/Southworth_3d3rdPer/Saved/Config/Windows/Scalability.ini]
[2019.06.06-04.33.19:351][  0]LogConfig: Setting CVar [[r.LightFunctionQuality:1]]
[2019.06.06-04.33.19:351][  0]LogConfig: Setting CVar [[r.ShadowQuality:5]]
[2019.06.06-04.33.19:351][  0]LogConfig: Setting CVar [[r.Shadow.CSM.MaxCascades:10]]
[2019.06.06-04.33.19:351][  0]LogConfig: Setting CVar [[r.Shadow.MaxResolution:2048]]
[2019.06.06-04.33.19:351][  0]LogConfig: Setting CVar [[r.Shadow.MaxCSMResolution:2048]]
[2019.06.06-04.33.19:351][  0]LogConfig: Setting CVar [[r.Shadow.RadiusThreshold:0.01]]
[2019.06.06-04.33.19:351][  0]LogConfig: Setting CVar [[r.Shadow.DistanceScale:1.0]]
[2019.06.06-04.33.19:351][  0]LogConfig: Setting CVar [[r.Shadow.CSM.TransitionScale:1.0]]
[2019.06.06-04.33.19:351][  0]LogConfig: Setting CVar [[r.Shadow.PreShadowResolutionFactor:1.0]]
[2019.06.06-04.33.19:351][  0]LogConfig: Setting CVar [[r.DistanceFieldShadowing:1]]
[2019.06.06-04.33.19:351][  0]LogConfig: Setting CVar [[r.DistanceFieldAO:1]]
[2019.06.06-04.33.19:351][  0]LogConfig: Setting CVar [[r.AOQuality:2]]
[2019.06.06-04.33.19:351][  0]LogConfig: Setting CVar [[r.VolumetricFog:1]]
[2019.06.06-04.33.19:351][  0]LogConfig: Setting CVar [[r.VolumetricFog.GridPixelSize:8]]
[2019.06.06-04.33.19:351][  0]LogConfig: Setting CVar [[r.VolumetricFog.GridSizeZ:128]]
[2019.06.06-04.33.19:351][  0]LogConfig: Setting CVar [[r.VolumetricFog.HistoryMissSupersampleCount:4]]
[2019.06.06-04.33.19:351][  0]LogConfig: Setting CVar [[r.LightMaxDrawDistanceScale:1]]
[2019.06.06-04.33.19:351][  0]LogConfig: Setting CVar [[r.CapsuleShadows:1]]
[2019.06.06-04.33.19:351][  0]LogConfig: Applying CVar settings from Section [PostProcessQuality@3] File [Z:/Users/els/Documents/GitHub/_GAM207_unreal_3d3rdPerson/Southworth_3d3rdPer/Saved/Config/Windows/Scalability.ini]
[2019.06.06-04.33.19:351][  0]LogConfig: Setting CVar [[r.MotionBlurQuality:4]]
[2019.06.06-04.33.19:351][  0]LogConfig: Setting CVar [[r.AmbientOcclusionMipLevelFactor:0.4]]
[2019.06.06-04.33.19:351][  0]LogConfig: Setting CVar [[r.AmbientOcclusionMaxQuality:100]]
[2019.06.06-04.33.19:351][  0]LogConfig: Setting CVar [[r.AmbientOcclusionLevels:-1]]
[2019.06.06-04.33.19:351][  0]LogConfig: Setting CVar [[r.AmbientOcclusionRadiusScale:1.0]]
[2019.06.06-04.33.19:351][  0]LogConfig: Setting CVar [[r.DepthOfFieldQuality:2]]
[2019.06.06-04.33.19:351][  0]LogConfig: Setting CVar [[r.RenderTargetPoolMin:400]]
[2019.06.06-04.33.19:351][  0]LogConfig: Setting CVar [[r.LensFlareQuality:2]]
[2019.06.06-04.33.19:351][  0]LogConfig: Setting CVar [[r.SceneColorFringeQuality:1]]
[2019.06.06-04.33.19:351][  0]LogConfig: Setting CVar [[r.EyeAdaptationQuality:2]]
[2019.06.06-04.33.19:351][  0]LogConfig: Setting CVar [[r.BloomQuality:5]]
[2019.06.06-04.33.19:351][  0]LogConfig: Setting CVar [[r.FastBlurThreshold:100]]
[2019.06.06-04.33.19:351][  0]LogConfig: Setting CVar [[r.Upscale.Quality:3]]
[2019.06.06-04.33.19:351][  0]LogConfig: Setting CVar [[r.Tonemapper.GrainQuantization:1]]
[2019.06.06-04.33.19:351][  0]LogConfig: Setting CVar [[r.LightShaftQuality:1]]
[2019.06.06-04.33.19:351][  0]LogConfig: Setting CVar [[r.Filter.SizeScale:1]]
[2019.06.06-04.33.19:351][  0]LogConfig: Setting CVar [[r.Tonemapper.Quality:5]]
[2019.06.06-04.33.19:351][  0]LogConfig: Setting CVar [[r.DOF.Gather.AccumulatorQuality:1        ; higher gathering accumulator quality]]
[2019.06.06-04.33.19:351][  0]LogConfig: Setting CVar [[r.DOF.Gather.PostfilterMethod:1          ; Median3x3 postfilering method]]
[2019.06.06-04.33.19:351][  0]LogConfig: Setting CVar [[r.DOF.Gather.EnableBokehSettings:0       ; no bokeh simulation when gathering]]
[2019.06.06-04.33.19:351][  0]LogConfig: Setting CVar [[r.DOF.Gather.RingCount:4                 ; medium number of samples when gathering]]
[2019.06.06-04.33.19:352][  0]LogConfig: Setting CVar [[r.DOF.Scatter.ForegroundCompositing:1    ; additive foreground scattering]]
[2019.06.06-04.33.19:352][  0]LogConfig: Setting CVar [[r.DOF.Scatter.BackgroundCompositing:2    ; additive background scattering]]
[2019.06.06-04.33.19:352][  0]LogConfig: Setting CVar [[r.DOF.Scatter.EnableBokehSettings:1      ; bokeh simulation when scattering]]
[2019.06.06-04.33.19:352][  0]LogConfig: Setting CVar [[r.DOF.Scatter.MaxSpriteRatio:0.1         ; only a maximum of 10% of scattered bokeh]]
[2019.06.06-04.33.19:352][  0]LogConfig: Setting CVar [[r.DOF.Recombine.Quality:1                ; cheap slight out of focus]]
[2019.06.06-04.33.19:352][  0]LogConfig: Setting CVar [[r.DOF.Recombine.EnableBokehSettings:0    ; no bokeh simulation on slight out of focus]]
[2019.06.06-04.33.19:352][  0]LogConfig: Setting CVar [[r.DOF.TemporalAAQuality:1                ; more stable temporal accumulation]]
[2019.06.06-04.33.19:352][  0]LogConfig: Setting CVar [[r.DOF.Kernel.MaxForegroundRadius:0.025]]
[2019.06.06-04.33.19:352][  0]LogConfig: Setting CVar [[r.DOF.Kernel.MaxBackgroundRadius:0.025]]
[2019.06.06-04.33.19:352][  0]LogConfig: Applying CVar settings from Section [TextureQuality@3] File [Z:/Users/els/Documents/GitHub/_GAM207_unreal_3d3rdPerson/Southworth_3d3rdPer/Saved/Config/Windows/Scalability.ini]
[2019.06.06-04.33.19:352][  0]LogConfig: Setting CVar [[r.Streaming.MipBias:0]]
[2019.06.06-04.33.19:352][  0]LogConfig: Setting CVar [[r.Streaming.AmortizeCPUToGPUCopy:0]]
[2019.06.06-04.33.19:352][  0]LogConfig: Setting CVar [[r.Streaming.MaxNumTexturesToStreamPerFrame:0]]
[2019.06.06-04.33.19:352][  0]LogConfig: Setting CVar [[r.Streaming.Boost:1]]
[2019.06.06-04.33.19:352][  0]LogConfig: Setting CVar [[r.MaxAnisotropy:8]]
[2019.06.06-04.33.19:352][  0]LogConfig: Setting CVar [[r.Streaming.LimitPoolSizeToVRAM:0]]
[2019.06.06-04.33.19:352][  0]LogConfig: Setting CVar [[r.Streaming.PoolSize:1000]]
[2019.06.06-04.33.19:352][  0]LogConfig: Setting CVar [[r.Streaming.MaxEffectiveScreenSize:0]]
[2019.06.06-04.33.19:352][  0]LogConfig: Applying CVar settings from Section [EffectsQuality@3] File [Z:/Users/els/Documents/GitHub/_GAM207_unreal_3d3rdPerson/Southworth_3d3rdPer/Saved/Config/Windows/Scalability.ini]
[2019.06.06-04.33.19:352][  0]LogConfig: Setting CVar [[r.TranslucencyLightingVolumeDim:64]]
[2019.06.06-04.33.19:352][  0]LogConfig: Setting CVar [[r.RefractionQuality:2]]
[2019.06.06-04.33.19:352][  0]LogConfig: Setting CVar [[r.SSR.Quality:3]]
[2019.06.06-04.33.19:352][  0]LogConfig: Setting CVar [[r.SceneColorFormat:4]]
[2019.06.06-04.33.19:352][  0]LogConfig: Setting CVar [[r.DetailMode:2]]
[2019.06.06-04.33.19:352][  0]LogConfig: Setting CVar [[r.TranslucencyVolumeBlur:1]]
[2019.06.06-04.33.19:352][  0]LogConfig: Setting CVar [[r.MaterialQualityLevel:1 ; High quality]]
[2019.06.06-04.33.19:352][  0]LogConfig: Setting CVar [[r.SSS.Scale:1]]
[2019.06.06-04.33.19:352][  0]LogConfig: Setting CVar [[r.SSS.SampleSet:2]]
[2019.06.06-04.33.19:352][  0]LogConfig: Setting CVar [[r.SSS.Quality:1]]
[2019.06.06-04.33.19:352][  0]LogConfig: Setting CVar [[r.SSS.HalfRes:1]]
[2019.06.06-04.33.19:352][  0]LogConfig: Setting CVar [[r.EmitterSpawnRateScale:1.0]]
[2019.06.06-04.33.19:352][  0]LogConfig: Setting CVar [[r.ParticleLightQuality:2]]
[2019.06.06-04.33.19:352][  0]LogConfig: Applying CVar settings from Section [FoliageQuality@3] File [Z:/Users/els/Documents/GitHub/_GAM207_unreal_3d3rdPerson/Southworth_3d3rdPer/Saved/Config/Windows/Scalability.ini]
[2019.06.06-04.33.19:352][  0]LogConfig: Setting CVar [[foliage.DensityScale:1.0]]
[2019.06.06-04.33.19:352][  0]LogConfig: Setting CVar [[grass.DensityScale:1.0]]
[2019.06.06-04.33.19:352][  0]LogConfig: Applying CVar settings from Section [Startup] File [../../../Engine/Config/ConsoleVariables.ini]
[2019.06.06-04.33.19:352][  0]LogConfig: Setting CVar [[net.UseAdaptiveNetUpdateFrequency:0]]
[2019.06.06-04.33.19:352][  0]LogConfig: Setting CVar [[p.chaos.AllowCreatePhysxBodies:1]]
[2019.06.06-04.33.19:352][  0]LogConfig: Applying CVar settings from Section [ConsoleVariables] File [Z:/Users/els/Documents/GitHub/_GAM207_unreal_3d3rdPerson/Southworth_3d3rdPer/Saved/Config/Windows/Engine.ini]
[2019.06.06-04.33.19:352][  0]LogInit: Computer: ELS-SCHOOL-1
[2019.06.06-04.33.19:352][  0]LogInit: User: els
[2019.06.06-04.33.19:352][  0]LogInit: CPU Page size=4096, Cores=4
[2019.06.06-04.33.19:352][  0]LogInit: High frequency timer resolution =3.507501 MHz
[2019.06.06-04.33.19:352][  0]LogMemory: Memory total: Physical=31.8GB (32GB approx)
[2019.06.06-04.33.19:352][  0]LogMemory: Platform Memory Stats for Windows
[2019.06.06-04.33.19:352][  0]LogMemory: Process Physical Memory: 94.55 MB used, 94.55 MB peak
[2019.06.06-04.33.19:353][  0]LogMemory: Process Virtual Memory: 88.73 MB used, 88.73 MB peak
[2019.06.06-04.33.19:353][  0]LogMemory: Physical Memory: 5670.80 MB used,  26850.09 MB free, 32520.89 MB total
[2019.06.06-04.33.19:353][  0]LogMemory: Virtual Memory: 507.02 MB used,  134217224.00 MB free, 134217728.00 MB total
[2019.06.06-04.33.19:370][  0]LogInit: Using OS detected language (en-US).
[2019.06.06-04.33.19:370][  0]LogInit: Using OS detected locale (en-US).
[2019.06.06-04.33.19:370][  0]LogTextLocalizationManager: No specific localization for 'en-US' exists, so the 'en' localization will be used.
[2019.06.06-04.33.19:575][  0]LogSlate: New Slate User Created.  User Index 0, Is Virtual User: 0
[2019.06.06-04.33.19:575][  0]LogSlate: Slate User Registered.  User Index 0, Is Virtual User: 0
[2019.06.06-04.33.19:714][  0]LogHMD: Failed to initialize OpenVR with code 110
[2019.06.06-04.33.19:714][  0]LogD3D11RHI: D3D11 adapters:
[2019.06.06-04.33.19:733][  0]LogD3D11RHI:    0. 'NVIDIA Quadro K2200' (Feature Level 11_0)
[2019.06.06-04.33.19:733][  0]LogD3D11RHI:       3971/0/16260 MB DedicatedVideo/DedicatedSystem/SharedSystem, Outputs:2, VendorId:0x10de
[2019.06.06-04.33.19:734][  0]LogD3D11RHI:    1. 'Microsoft Basic Render Driver' (Feature Level 11_0)
[2019.06.06-04.33.19:734][  0]LogD3D11RHI:       0/0/256 MB DedicatedVideo/DedicatedSystem/SharedSystem, Outputs:0, VendorId:0x1414
[2019.06.06-04.33.19:734][  0]LogD3D11RHI: Chosen D3D11 Adapter: 0
[2019.06.06-04.33.19:738][  0]LogD3D11RHI: Creating new Direct3DDevice
[2019.06.06-04.33.19:739][  0]LogD3D11RHI:     GPU DeviceId: 0x13ba (for the marketing name, search the web for "GPU Device Id")
[2019.06.06-04.33.19:739][  0]LogWindows: EnumDisplayDevices:
[2019.06.06-04.33.19:739][  0]LogWindows:    0. 'NVIDIA Quadro K2200' (P:0 D:1)
[2019.06.06-04.33.19:739][  0]LogWindows:    1. 'NVIDIA Quadro K2200' (P:1 D:1)
[2019.06.06-04.33.19:739][  0]LogWindows:    2. 'NVIDIA Quadro K2200' (P:0 D:0)
[2019.06.06-04.33.19:739][  0]LogWindows:    3. 'NVIDIA Quadro K2200' (P:0 D:0)
[2019.06.06-04.33.19:739][  0]LogWindows: DebugString: FoundDriverCount:4 
[2019.06.06-04.33.19:739][  0]LogD3D11RHI:     Adapter Name: NVIDIA Quadro K2200
[2019.06.06-04.33.19:739][  0]LogD3D11RHI:   Driver Version: 385.69 (internal:22.21.13.8569, unified:385.69)
[2019.06.06-04.33.19:739][  0]LogD3D11RHI:      Driver Date: 9-16-2017
[2019.06.06-04.33.19:739][  0]LogRHI: Texture pool is 2779 MB (70% of 3971 MB)
[2019.06.06-04.33.19:751][  0]LogD3D11RHI: Async texture creation enabled
[2019.06.06-04.33.19:755][  0]LogRendererCore: FGlobalReadBuffer::InitRHI
[2019.06.06-04.33.19:755][  0]LogRendererCore: FGlobalReadBuffer::InitRHI
[2019.06.06-04.33.19:755][  0]LogRendererCore: FGlobalReadBuffer::InitRHI
[2019.06.06-04.33.19:769][  0]LogD3D11RHI: GPU Timing Frequency: 1000.000000 (Debug: 2 2)
[2019.06.06-04.33.20:025][  0]LogTemp: Display: Module 'AllDesktopTargetPlatform' loaded TargetPlatform 'AllDesktop'
[2019.06.06-04.33.20:037][  0]LogTemp: Display: Module 'MacClientTargetPlatform' loaded TargetPlatform 'MacClient'
[2019.06.06-04.33.20:050][  0]LogTemp: Display: Module 'MacNoEditorTargetPlatform' loaded TargetPlatform 'MacNoEditor'
[2019.06.06-04.33.20:062][  0]LogTemp: Display: Module 'MacServerTargetPlatform' loaded TargetPlatform 'MacServer'
[2019.06.06-04.33.20:075][  0]LogTemp: Display: Module 'MacTargetPlatform' loaded TargetPlatform 'Mac'
[2019.06.06-04.33.20:088][  0]LogTemp: Display: Module 'WindowsClientTargetPlatform' loaded TargetPlatform 'WindowsClient'
[2019.06.06-04.33.20:100][  0]LogTemp: Display: Module 'WindowsNoEditorTargetPlatform' loaded TargetPlatform 'WindowsNoEditor'
[2019.06.06-04.33.20:111][  0]LogTemp: Display: Module 'WindowsServerTargetPlatform' loaded TargetPlatform 'WindowsServer'
[2019.06.06-04.33.20:116][  0]LogTemp: Display: Module 'WindowsTargetPlatform' loaded TargetPlatform 'Windows'
[2019.06.06-04.33.20:187][  0]LogTemp: Display: Module 'AndroidTargetPlatform' loaded TargetPlatform 'Android'
[2019.06.06-04.33.20:187][  0]LogTemp: Display: Module 'AndroidTargetPlatform' loaded TargetPlatform 'Android_ASTC'
[2019.06.06-04.33.20:187][  0]LogTemp: Display: Module 'AndroidTargetPlatform' loaded TargetPlatform 'Android_ATC'
[2019.06.06-04.33.20:187][  0]LogTemp: Display: Module 'AndroidTargetPlatform' loaded TargetPlatform 'Android_DXT'
[2019.06.06-04.33.20:187][  0]LogTemp: Display: Module 'AndroidTargetPlatform' loaded TargetPlatform 'Android_ETC1'
[2019.06.06-04.33.20:187][  0]LogTemp: Display: Module 'AndroidTargetPlatform' loaded TargetPlatform 'Android_ETC1a'
[2019.06.06-04.33.20:187][  0]LogTemp: Display: Module 'AndroidTargetPlatform' loaded TargetPlatform 'Android_ETC2'
[2019.06.06-04.33.20:187][  0]LogTemp: Display: Module 'AndroidTargetPlatform' loaded TargetPlatform 'Android_PVRTC'
[2019.06.06-04.33.20:187][  0]LogTemp: Display: Module 'AndroidTargetPlatform' loaded TargetPlatform 'AndroidClient'
[2019.06.06-04.33.20:187][  0]LogTemp: Display: Module 'AndroidTargetPlatform' loaded TargetPlatform 'Android_ASTCClient'
[2019.06.06-04.33.20:187][  0]LogTemp: Display: Module 'AndroidTargetPlatform' loaded TargetPlatform 'Android_ATCClient'
[2019.06.06-04.33.20:187][  0]LogTemp: Display: Module 'AndroidTargetPlatform' loaded TargetPlatform 'Android_DXTClient'
[2019.06.06-04.33.20:187][  0]LogTemp: Display: Module 'AndroidTargetPlatform' loaded TargetPlatform 'Android_ETC1Client'
[2019.06.06-04.33.20:187][  0]LogTemp: Display: Module 'AndroidTargetPlatform' loaded TargetPlatform 'Android_ETC1aClient'
[2019.06.06-04.33.20:187][  0]LogTemp: Display: Module 'AndroidTargetPlatform' loaded TargetPlatform 'Android_ETC2Client'
[2019.06.06-04.33.20:187][  0]LogTemp: Display: Module 'AndroidTargetPlatform' loaded TargetPlatform 'Android_PVRTCClient'
[2019.06.06-04.33.20:187][  0]LogTemp: Display: Module 'AndroidTargetPlatform' loaded TargetPlatform 'Android_Multi'
[2019.06.06-04.33.20:187][  0]LogTemp: Display: Module 'AndroidTargetPlatform' loaded TargetPlatform 'Android_MultiClient'
[2019.06.06-04.33.20:188][  0]LogTemp: Display: Module 'HTML5TargetPlatform' loaded TargetPlatform 'HTML5'
[2019.06.06-04.33.20:235][  0]LogTemp: Display: Module 'IOSTargetPlatform' loaded TargetPlatform 'IOSClient'
[2019.06.06-04.33.20:235][  0]LogTemp: Display: Module 'IOSTargetPlatform' loaded TargetPlatform 'IOS'
[2019.06.06-04.33.20:257][  0]LogTemp: Display: Module 'TVOSTargetPlatform' loaded TargetPlatform 'TVOSClient'
[2019.06.06-04.33.20:257][  0]LogTemp: Display: Module 'TVOSTargetPlatform' loaded TargetPlatform 'TVOS'
[2019.06.06-04.33.20:269][  0]LogTemp: Display: Module 'LinuxClientTargetPlatform' loaded TargetPlatform 'LinuxClient'
[2019.06.06-04.33.20:281][  0]LogTemp: Display: Module 'LinuxNoEditorTargetPlatform' loaded TargetPlatform 'LinuxNoEditor'
[2019.06.06-04.33.20:293][  0]LogTemp: Display: Module 'LinuxServerTargetPlatform' loaded TargetPlatform 'LinuxServer'
[2019.06.06-04.33.20:304][  0]LogTemp: Display: Module 'LinuxTargetPlatform' loaded TargetPlatform 'Linux'
[2019.06.06-04.33.20:353][  0]LogTemp: Display: Module 'LuminTargetPlatform' loaded TargetPlatform 'Lumin'
[2019.06.06-04.33.20:353][  0]LogTemp: Display: Module 'LuminTargetPlatform' loaded TargetPlatform 'LuminClient'
[2019.06.06-04.33.20:353][  0]LogTargetPlatformManager: Display: Building Assets For Windows
[2019.06.06-04.33.20:358][  0]LogAudioDebug: Display: Lib vorbis DLL was dynamically loaded.
[2019.06.06-04.33.20:385][  0]LogShaderCompilers: Guid format shader working directory is -47 characters bigger than the processId version (../../../../../../Users/els/Documents/GitHub/_GAM207_unreal_3d3rdPerson/Southworth_3d3rdPer/Intermediate/Shaders/WorkingDirectory/8236/).
[2019.06.06-04.33.20:385][  0]LogShaderCompilers: Cleaned the shader compiler working directory 'C:/Users/els/AppData/Local/Temp/UnrealShaderWorkingDir/5E03DBC74887C89434952E8BE417FA55/'.
[2019.06.06-04.33.20:387][  0]LogXGEController: Cannot use XGE Controller as Incredibuild is not installed on this machine.
[2019.06.06-04.33.20:387][  0]LogShaderCompilers: Cannot use XGE Shader Compiler as Incredibuild is not installed on this machine.
[2019.06.06-04.33.20:387][  0]LogShaderCompilers: Display: Using Local Shader Compiler.
[2019.06.06-04.33.20:916][  0]LogDerivedDataCache: Display: Max Cache Size: 512 MB
[2019.06.06-04.33.20:982][  0]LogDerivedDataCache: Loaded boot cache 0.07s 71MB C:/Users/els/AppData/Local/UnrealEngine/4.22/DerivedDataCache/Boot.ddc.
[2019.06.06-04.33.20:983][  0]LogDerivedDataCache: Display: Loaded Boot cache: C:/Users/els/AppData/Local/UnrealEngine/4.22/DerivedDataCache/Boot.ddc
[2019.06.06-04.33.20:983][  0]LogDerivedDataCache: FDerivedDataBackendGraph:  Pak pak cache file ../../../../../../Users/els/Documents/GitHub/_GAM207_unreal_3d3rdPerson/Southworth_3d3rdPer/DerivedDataCache/DDC.ddp not found, will not use a pak cache.
[2019.06.06-04.33.20:983][  0]LogDerivedDataCache: Unable to find inner node Pak for hierarchical cache Hierarchy.
[2019.06.06-04.33.20:983][  0]LogDerivedDataCache: FDerivedDataBackendGraph:  CompressedPak pak cache file ../../../../../../Users/els/Documents/GitHub/_GAM207_unreal_3d3rdPerson/Southworth_3d3rdPer/DerivedDataCache/Compressed.ddp not found, will not use a pak cache.
[2019.06.06-04.33.20:983][  0]LogDerivedDataCache: Unable to find inner node CompressedPak for hierarchical cache Hierarchy.
[2019.06.06-04.33.20:995][  0]LogDerivedDataCache: Display: Pak cache opened for reading ../../../Engine/DerivedDataCache/Compressed.ddp.
[2019.06.06-04.33.20:995][  0]LogDerivedDataCache: FDerivedDataBackendGraph:  EnterprisePak pak cache file ../../../Enterprise/DerivedDataCache/Compressed.ddp not found, will not use a pak cache.
[2019.06.06-04.33.20:995][  0]LogDerivedDataCache: Unable to find inner node EnterprisePak for hierarchical cache Hierarchy.
[2019.06.06-04.33.21:007][  0]LogDerivedDataCache: Using Local data cache path C:/Users/els/AppData/Local/UnrealEngine/Common/DerivedDataCache: Writable
[2019.06.06-04.33.21:007][  0]LogDerivedDataCache: Shared data cache path not found in *engine.ini, will not use an Shared cache.
[2019.06.06-04.33.21:007][  0]LogDerivedDataCache: Unable to find inner node Shared for hierarchical cache Hierarchy.
[2019.06.06-04.33.21:029][  0]LogMaterial: Verifying Global Shaders for PCD3D_SM5
[2019.06.06-04.33.21:030][  0]LogSlate: Using FreeType 2.6.0
[2019.06.06-04.33.21:030][  0]LogSlate: SlateFontServices - WITH_FREETYPE: 1, WITH_HARFBUZZ: 1
[2019.06.06-04.33.21:108][  0]LogAssetRegistry: FAssetRegistry took 0.0323 seconds to start up
[2019.06.06-04.33.21:419][  0]LogInit: Selected Device Profile: [Windows]
[2019.06.06-04.33.21:535][  0]LogMeshReduction: Using QuadricMeshReduction for automatic static mesh reduction
[2019.06.06-04.33.21:535][  0]LogMeshReduction: Using SimplygonMeshReduction for automatic skeletal mesh reduction
[2019.06.06-04.33.21:535][  0]LogMeshReduction: Using ProxyLODMeshReduction for automatic mesh merging
[2019.06.06-04.33.21:535][  0]LogMeshReduction: No distributed automatic mesh merging module available
[2019.06.06-04.33.21:535][  0]LogMeshMerging: No distributed automatic mesh merging module available
[2019.06.06-04.33.21:545][  0]LogNetVersion: Southworth_3d3rdPer 1.0.0, NetCL: 5660361, EngineNetVer: 10, GameNetVer: 0 (Checksum: 1451577127)
[2019.06.06-04.33.21:911][  0]LogPackageLocalizationCache: Processed 10 localized package path(s) for 1 prioritized culture(s) in 0.046472 seconds
[2019.06.06-04.33.21:919][  0]LogUObjectArray: 42205 objects as part of root set at end of initial load.
[2019.06.06-04.33.21:919][  0]LogUObjectAllocator: 7325032 out of 0 bytes used by permanent object pool.
[2019.06.06-04.33.21:919][  0]LogUObjectArray: CloseDisregardForGC: 0/0 objects in disregard for GC pool
[2019.06.06-04.33.22:579][  0]LogTcpMessaging: Initializing TcpMessaging bridge
[2019.06.06-04.33.22:592][  0]LogUdpMessaging: Initializing bridge on interface 0.0.0.0:0 to multicast group 230.0.0.1:6666.
[2019.06.06-04.33.22:688][  0]SourceControl: Source control is disabled
[2019.06.06-04.33.22:688][  0]SourceControl: Source control is disabled
[2019.06.06-04.33.22:690][  0]SourceControl: Source control is disabled
[2019.06.06-04.33.22:691][  0]SourceControl: Source control is disabled
[2019.06.06-04.33.22:745][  0]LogAndroidPermission: UAndroidPermissionCallbackProxy::GetInstance
[2019.06.06-04.33.22:782][  0]LogOcInput: OculusInput pre-init called
[2019.06.06-04.33.23:332][  0]LogEngine: Initializing Engine...
[2019.06.06-04.33.23:332][  0]LogHMD: Failed to initialize OpenVR with code 110
[2019.06.06-04.33.23:333][  0]LogStats: UGameplayTagsManager::InitializeManager -  0.000 s
[2019.06.06-04.33.23:534][  0]LogInit: Initializing FReadOnlyCVARCache
[2019.06.06-04.33.23:543][  0]LogAIModule: Creating AISystem for world Untitled
[2019.06.06-04.33.23:562][  0]LogInit: XAudio2 using 'Speakers (Realtek High Definition Audio)' : 2 channels at 48 kHz using 32 bits per sample (channel mask 0x3)
[2019.06.06-04.33.23:579][  0]LogInit: FAudioDevice initialized.
[2019.06.06-04.33.23:579][  0]LogNetVersion: Set ProjectVersion to 1.0.0.0. Version Checksum will be recalculated on next use.
[2019.06.06-04.33.23:658][  0]LogDerivedDataCache: Saved boot cache 0.08s 71MB C:/Users/els/AppData/Local/UnrealEngine/4.22/DerivedDataCache/Boot.ddc.
[2019.06.06-04.33.23:670][  0]LogInit: Texture streaming: Enabled
[2019.06.06-04.33.23:682][  0]LogEngineSessionManager: EngineSessionManager initialized
[2019.06.06-04.33.23:693][  0]LogInit: Transaction tracking system initialized
[2019.06.06-04.33.23:706][  0]BlueprintLog: New page: Editor Load
[2019.06.06-04.33.23:757][  0]LocalizationService: Localization service is disabled
[2019.06.06-04.33.23:993][  0]LogCook: Display: Max memory allowance for cook 16384mb min free memory 0mb
[2019.06.06-04.33.23:993][  0]LogCook: Display: Mobile HDR setting 1
[2019.06.06-04.33.24:120][  0]LogFileCache: Scanning file cache for directory 'Z:/Users/els/Documents/GitHub/_GAM207_unreal_3d3rdPerson/Southworth_3d3rdPer/Content/' took 0.03s
[2019.06.06-04.33.24:120][  0]SourceControl: Source control is disabled
[2019.06.06-04.33.24:120][  0]Cmd: MAP LOAD FILE="../../../../../../Users/els/Documents/GitHub/_GAM207_unreal_3d3rdPerson/Southworth_3d3rdPer/Content/Levels/Level2.umap" TEMPLATE=0 SHOWPROGRESS=1 FEATURELEVEL=3
[2019.06.06-04.33.24:124][  0]LightingResults: New page: Lighting Build
[2019.06.06-04.33.24:126][  0]MapCheck: New page: Map Check
[2019.06.06-04.33.24:126][  0]LightingResults: New page: Lighting Build
[2019.06.06-04.33.24:149][  0]LogUObjectHash: Compacting FUObjectHashTables data took   1.70ms
[2019.06.06-04.33.25:942][  0]LogAIModule: Creating AISystem for world Level2
[2019.06.06-04.33.25:962][  0]LogEditorServer: Finished looking for orphan Actors (0.000 secs)
[2019.06.06-04.33.25:989][  0]LogUObjectHash: Compacting FUObjectHashTables data took   2.99ms
[2019.06.06-04.33.25:989][  0]Cmd: MAP CHECKDEP NOCLEARLOG
[2019.06.06-04.33.25:989][  0]MapCheck: Map check complete: 0 Error(s), 0 Warning(s), took 0.134ms to complete.
[2019.06.06-04.33.25:989][  0]LogFileHelpers: Loading map 'Level2' took 1.870
[2019.06.06-04.33.26:076][  0]LogCollectionManager: Loaded 0 collections in 0.000663 seconds
[2019.06.06-04.33.26:101][  0]LogFileCache: Scanning file cache for directory 'Z:/Users/els/Documents/GitHub/_GAM207_unreal_3d3rdPerson/Southworth_3d3rdPer/Saved/Collections/' took 0.01s
[2019.06.06-04.33.26:101][  0]LogFileCache: Scanning file cache for directory 'Z:/Users/els/Documents/GitHub/_GAM207_unreal_3d3rdPerson/Southworth_3d3rdPer/Content/Developers/els/Collections/' took 0.01s
[2019.06.06-04.33.26:101][  0]LogFileCache: Scanning file cache for directory 'Z:/Users/els/Documents/GitHub/_GAM207_unreal_3d3rdPerson/Southworth_3d3rdPer/Content/Collections/' took 0.00s
[2019.06.06-04.33.26:101][  0]LogCollectionManager: Rebuilt the GUID cache for 0 collections in 0.000000 seconds
[2019.06.06-04.33.26:110][  0]LogContentBrowser: Native class hierarchy populated in 0.0084 seconds. Added 2732 classes and 659 folders.
[2019.06.06-04.33.26:114][  0]LogContentBrowser: Native class hierarchy updated for 'WidgetCarousel' in 0.0003 seconds. Added 0 classes and 0 folders.
[2019.06.06-04.33.26:120][  0]LogPakFile: Registered encryption key '00000000000000000000000000000000': 0 pak files mounted, 0 remain pending
[2019.06.06-04.33.26:125][  0]LogPakFile: Registered encryption key '00000000000000000000000000000000': 0 pak files mounted, 0 remain pending
[2019.06.06-04.33.26:140][  0]LogPakFile: Registered encryption key '00000000000000000000000000000000': 0 pak files mounted, 0 remain pending
[2019.06.06-04.33.26:144][  0]LogPakFile: Registered encryption key '00000000000000000000000000000000': 0 pak files mounted, 0 remain pending
[2019.06.06-04.33.26:148][  0]LogPakFile: Registered encryption key '00000000000000000000000000000000': 0 pak files mounted, 0 remain pending
[2019.06.06-04.33.26:151][  0]LogPakFile: Registered encryption key '00000000000000000000000000000000': 0 pak files mounted, 0 remain pending
[2019.06.06-04.33.26:155][  0]LogPakFile: Registered encryption key '00000000000000000000000000000000': 0 pak files mounted, 0 remain pending
[2019.06.06-04.33.26:158][  0]LogPakFile: Registered encryption key '00000000000000000000000000000000': 0 pak files mounted, 0 remain pending
[2019.06.06-04.33.26:160][  0]LogPakFile: Registered encryption key '00000000000000000000000000000000': 0 pak files mounted, 0 remain pending
[2019.06.06-04.33.26:164][  0]LogPakFile: Registered encryption key '00000000000000000000000000000000': 0 pak files mounted, 0 remain pending
[2019.06.06-04.33.26:168][  0]LogPakFile: Registered encryption key '00000000000000000000000000000000': 0 pak files mounted, 0 remain pending
[2019.06.06-04.33.26:171][  0]LogPakFile: Registered encryption key '00000000000000000000000000000000': 0 pak files mounted, 0 remain pending
[2019.06.06-04.33.26:175][  0]LogPakFile: Registered encryption key '00000000000000000000000000000000': 0 pak files mounted, 0 remain pending
[2019.06.06-04.33.26:178][  0]LogPakFile: Registered encryption key '00000000000000000000000000000000': 0 pak files mounted, 0 remain pending
[2019.06.06-04.33.26:182][  0]LogPakFile: Registered encryption key '00000000000000000000000000000000': 0 pak files mounted, 0 remain pending
[2019.06.06-04.33.26:185][  0]LogPakFile: Registered encryption key '00000000000000000000000000000000': 0 pak files mounted, 0 remain pending
[2019.06.06-04.33.26:209][  0]LogPakFile: Registered encryption key '00000000000000000000000000000000': 0 pak files mounted, 0 remain pending
[2019.06.06-04.33.26:213][  0]LogPakFile: Registered encryption key '00000000000000000000000000000000': 0 pak files mounted, 0 remain pending
[2019.06.06-04.33.26:216][  0]LogPakFile: Registered encryption key '00000000000000000000000000000000': 0 pak files mounted, 0 remain pending
[2019.06.06-04.33.26:220][  0]LogPakFile: Registered encryption key '00000000000000000000000000000000': 0 pak files mounted, 0 remain pending
[2019.06.06-04.33.26:224][  0]LogPakFile: Registered encryption key '00000000000000000000000000000000': 0 pak files mounted, 0 remain pending
[2019.06.06-04.33.26:227][  0]LogPakFile: Registered encryption key '00000000000000000000000000000000': 0 pak files mounted, 0 remain pending
[2019.06.06-04.33.26:230][  0]LogPakFile: Registered encryption key '00000000000000000000000000000000': 0 pak files mounted, 0 remain pending
[2019.06.06-04.33.26:233][  0]LogPakFile: Registered encryption key '00000000000000000000000000000000': 0 pak files mounted, 0 remain pending
[2019.06.06-04.33.26:237][  0]LogPakFile: Registered encryption key '00000000000000000000000000000000': 0 pak files mounted, 0 remain pending
[2019.06.06-04.33.26:240][  0]LogPakFile: Registered encryption key '00000000000000000000000000000000': 0 pak files mounted, 0 remain pending
[2019.06.06-04.33.26:385][  0]LogContentBrowser: Native class hierarchy updated for 'AddContentDialog' in 0.0003 seconds. Added 0 classes and 0 folders.
[2019.06.06-04.33.26:427][  0]LogContentBrowser: Native class hierarchy updated for 'SceneOutliner' in 0.0003 seconds. Added 1 classes and 2 folders.
[2019.06.06-04.33.26:513][  0]LogSlate: Updating window title bar state: overlay mode, drag disabled, window buttons hidden, title bar hidden
[2019.06.06-04.33.26:520][  0]LogSlate: Updating window title bar state: overlay mode, drag disabled, window buttons hidden, title bar hidden
[2019.06.06-04.33.26:527][  0]LogSlate: Updating window title bar state: overlay mode, drag disabled, window buttons hidden, title bar hidden
[2019.06.06-04.33.26:534][  0]LogSlate: Updating window title bar state: overlay mode, drag disabled, window buttons hidden, title bar hidden
[2019.06.06-04.33.26:546][  0]LogSlate: Took 0.000209 seconds to synchronously load lazily loaded font '../../../Engine/Content/Slate/Fonts/Roboto-Regular.ttf' (155K)
[2019.06.06-04.33.26:552][  0]LogSlate: Took 0.000175 seconds to synchronously load lazily loaded font '../../../Engine/Content/Slate/Fonts/Roboto-Bold.ttf' (160K)
[2019.06.06-04.33.26:651][  0]LogRenderer: Reallocating scene render targets to support 904x604 Format 10 NumSamples 1 (Frame:1).
[2019.06.06-04.33.26:830][  0]LogContentBrowser: Native class hierarchy updated for 'HierarchicalLODOutliner' in 0.0003 seconds. Added 0 classes and 0 folders.
[2019.06.06-04.33.26:830][  0]LogLoad: (Engine Initialization) Total time: 8.79 seconds
[2019.06.06-04.33.26:830][  0]LogLoad: (Engine Initialization) Total Blueprint compile time: 0.00 seconds
[2019.06.06-04.33.26:885][  0]LogContentStreaming: Texture pool size now 1000 MB
[2019.06.06-04.33.26:903][  1]LogAssetRegistry: Asset discovery search completed in 5.8167 seconds
[2019.06.06-04.33.26:905][  1]LogCollectionManager: Rebuilt the object cache for 0 collections in 0.000001 seconds (found 0 objects)
[2019.06.06-04.33.26:905][  1]LogCollectionManager: Fixed up redirectors for 0 collections in 0.000030 seconds (updated 0 objects)
[2019.06.06-04.33.53:193][960]LogSlate: FSceneViewport::OnFocusLost() reason 2
[2019.06.06-04.33.58:719][490]LogTemp: Repeating last play command: Selected Viewport
[2019.06.06-04.33.58:732][490]LogBlueprintUserMessages: Early PlayInEditor Detection: Level '/Game/Levels/Level2.Level2:PersistentLevel' has LevelScriptBlueprint '/Game/Levels/Level2.Level2:PersistentLevel.Level2' with GeneratedClass '/Game/Levels/Level2.Level2_C' with ClassGeneratedBy '/Game/Levels/Level2.Level2:PersistentLevel.Level2'
[2019.06.06-04.33.58:733][490]LogPlayLevel: PlayLevel: No blueprints needed recompiling
[2019.06.06-04.33.58:733][490]PIE: New page: PIE session: Level2 (Jun 5, 2019, 8:33:58 PM)
[2019.06.06-04.33.58:746][490]LogPlayLevel: Creating play world package: /Game/Levels/UEDPIE_0_Level2
[2019.06.06-04.33.58:771][490]LogPlayLevel: PIE: StaticDuplicateObject took: (0.025291s)
[2019.06.06-04.33.58:772][490]LogAIModule: Creating AISystem for world Level2
[2019.06.06-04.33.58:772][490]LogPlayLevel: PIE: World Init took: (0.000651s)
[2019.06.06-04.33.58:772][490]LogPlayLevel: PIE: Created PIE world by copying editor world from /Game/Levels/Level2.Level2 to /Game/Levels/UEDPIE_0_Level2.Level2 (0.026194s)
[2019.06.06-04.33.58:794][490]LogUObjectHash: Compacting FUObjectHashTables data took   1.38ms
[2019.06.06-04.33.58:796][490]LogInit: XAudio2 using 'Speakers (Realtek High Definition Audio)' : 2 channels at 48 kHz using 32 bits per sample (channel mask 0x3)
[2019.06.06-04.33.58:802][490]LogInit: FAudioDevice initialized.
[2019.06.06-04.33.59:479][490]LogLoad: Game class is 'ThirdPersonGameMode_C'
[2019.06.06-04.33.59:483][490]LogWorld: Bringing World /Game/Levels/UEDPIE_0_Level2.Level2 up for play (max tick rate 0) at 2019.06.06-00.33.59
[2019.06.06-04.33.59:484][490]LogWorld: Bringing up level for play took: 0.004120
[2019.06.06-04.33.59:499][490]LogContentBrowser: Native class hierarchy updated for 'MovieSceneCapture' in 0.0004 seconds. Added 20 classes and 0 folders.
[2019.06.06-04.33.59:504][490]PIE: Play in editor start time for /Game/Levels/UEDPIE_0_Level2 0.893
[2019.06.06-04.33.59:504][490]LogBlueprintUserMessages: Late PlayInEditor Detection: Level '/Game/Levels/Level2.Level2:PersistentLevel' has LevelScriptBlueprint '/Game/Levels/Level2.Level2:PersistentLevel.Level2' with GeneratedClass '/Game/Levels/Level2.Level2_C' with ClassGeneratedBy '/Game/Levels/Level2.Level2:PersistentLevel.Level2'
[2019.06.06-04.34.38:069][763]LogSlate: Updating window title bar state: overlay mode, drag disabled, window buttons hidden, title bar hidden
[2019.06.06-04.34.38:069][763]LogBlueprintUserMessages: Early EndPlayMap Detection: Level '/Game/Levels/Level2.Level2:PersistentLevel' has LevelScriptBlueprint '/Game/Levels/Level2.Level2:PersistentLevel.Level2' with GeneratedClass '/Game/Levels/Level2.Level2_C' with ClassGeneratedBy '/Game/Levels/Level2.Level2:PersistentLevel.Level2'
[2019.06.06-04.34.38:131][763]LogPlayLevel: Display: Shutting down PIE online subsystems
[2019.06.06-04.34.38:131][763]LogBlueprintUserMessages: Late EndPlayMap Detection: Level '/Game/Levels/Level2.Level2:PersistentLevel' has LevelScriptBlueprint '/Game/Levels/Level2.Level2:PersistentLevel.Level2' with GeneratedClass '/Game/Levels/Level2.Level2_C' with ClassGeneratedBy '/Game/Levels/Level2.Level2:PersistentLevel.Level2'
[2019.06.06-04.34.38:156][763]LogSlate: Updating window title bar state: overlay mode, drag disabled, window buttons hidden, title bar hidden
[2019.06.06-04.34.38:164][763]LogUObjectHash: Compacting FUObjectHashTables data took   2.35ms
[2019.06.06-04.34.38:239][764]LogPlayLevel: Display: Destroying online subsystem :Context_1
[2019.06.06-04.34.43:850][991]LogSlate: FSceneViewport::OnFocusLost() reason 0
[2019.06.06-04.34.43:923][994]LogTemp: Repeating last play command: Selected Viewport
[2019.06.06-04.34.43:938][994]LogBlueprintUserMessages: Early PlayInEditor Detection: Level '/Game/Levels/Level2.Level2:PersistentLevel' has LevelScriptBlueprint '/Game/Levels/Level2.Level2:PersistentLevel.Level2' with GeneratedClass '/Game/Levels/Level2.Level2_C' with ClassGeneratedBy '/Game/Levels/Level2.Level2:PersistentLevel.Level2'
[2019.06.06-04.34.43:938][994]LogPlayLevel: PlayLevel: No blueprints needed recompiling
[2019.06.06-04.34.43:938][994]PIE: New page: PIE session: Level2 (Jun 5, 2019, 8:34:43 PM)
[2019.06.06-04.34.43:939][994]LogPlayLevel: Creating play world package: /Game/Levels/UEDPIE_0_Level2
[2019.06.06-04.34.43:963][994]LogPlayLevel: PIE: StaticDuplicateObject took: (0.023801s)
[2019.06.06-04.34.43:965][994]LogAIModule: Creating AISystem for world Level2
[2019.06.06-04.34.43:965][994]LogPlayLevel: PIE: World Init took: (0.001689s)
[2019.06.06-04.34.43:965][994]LogPlayLevel: PIE: Created PIE world by copying editor world from /Game/Levels/Level2.Level2 to /Game/Levels/UEDPIE_0_Level2.Level2 (0.026118s)
[2019.06.06-04.34.43:987][994]LogUObjectHash: Compacting FUObjectHashTables data took   1.50ms
[2019.06.06-04.34.43:990][994]LogInit: XAudio2 using 'Speakers (Realtek High Definition Audio)' : 2 channels at 48 kHz using 32 bits per sample (channel mask 0x3)
[2019.06.06-04.34.43:996][994]LogInit: FAudioDevice initialized.
[2019.06.06-04.34.44:025][994]LogLoad: Game class is 'ThirdPersonGameMode_C'
[2019.06.06-04.34.44:030][994]LogWorld: Bringing World /Game/Levels/UEDPIE_0_Level2.Level2 up for play (max tick rate 0) at 2019.06.06-00.34.44
[2019.06.06-04.34.44:030][994]LogWorld: Bringing up level for play took: 0.004070
[2019.06.06-04.34.44:046][994]PIE: Play in editor start time for /Game/Levels/UEDPIE_0_Level2 -0.565
[2019.06.06-04.34.44:046][994]LogBlueprintUserMessages: Late PlayInEditor Detection: Level '/Game/Levels/Level2.Level2:PersistentLevel' has LevelScriptBlueprint '/Game/Levels/Level2.Level2:PersistentLevel.Level2' with GeneratedClass '/Game/Levels/Level2.Level2_C' with ClassGeneratedBy '/Game/Levels/Level2.Level2:PersistentLevel.Level2'
[2019.06.06-04.35.22:353][350]LogSlate: Updating window title bar state: overlay mode, drag disabled, window buttons hidden, title bar hidden
[2019.06.06-04.35.22:353][350]LogBlueprintUserMessages: Early EndPlayMap Detection: Level '/Game/Levels/Level2.Level2:PersistentLevel' has LevelScriptBlueprint '/Game/Levels/Level2.Level2:PersistentLevel.Level2' with GeneratedClass '/Game/Levels/Level2.Level2_C' with ClassGeneratedBy '/Game/Levels/Level2.Level2:PersistentLevel.Level2'
[2019.06.06-04.35.22:413][350]LogPlayLevel: Display: Shutting down PIE online subsystems
[2019.06.06-04.35.22:413][350]LogBlueprintUserMessages: Late EndPlayMap Detection: Level '/Game/Levels/Level2.Level2:PersistentLevel' has LevelScriptBlueprint '/Game/Levels/Level2.Level2:PersistentLevel.Level2' with GeneratedClass '/Game/Levels/Level2.Level2_C' with ClassGeneratedBy '/Game/Levels/Level2.Level2:PersistentLevel.Level2'
[2019.06.06-04.35.22:439][350]LogSlate: Updating window title bar state: overlay mode, drag disabled, window buttons hidden, title bar hidden
[2019.06.06-04.35.22:444][350]LogUObjectHash: Compacting FUObjectHashTables data took   1.24ms
[2019.06.06-04.35.22:513][351]LogPlayLevel: Display: Destroying online subsystem :Context_2
[2019.06.06-04.35.27:565][559]LogSlate: FSceneViewport::OnFocusLost() reason 0
[2019.06.06-04.35.31:021][699]LogSlate: Took 0.018759 seconds to synchronously load lazily loaded font '../../../Engine/Content/Editor/Slate/Fonts/FontAwesome.ttf' (139K)
[2019.06.06-04.35.31:048][699]LogSlate: Took 0.003987 seconds to synchronously load lazily loaded font '../../../Engine/Content/Slate/Fonts/Roboto-Light.ttf' (167K)
[2019.06.06-04.35.35:829][889]LogSlate: Took 0.000191 seconds to synchronously load lazily loaded font '../../../Engine/Content/Slate/Fonts/Roboto-Light.ttf' (167K)
[2019.06.06-04.35.36:952][889]LogMaterial: Display: Missing cached shader map for material M_Custom_Landscape_Ground, compiling. 
[2019.06.06-04.35.37:077][889]LogShaderCompilers: Display: Shaders left to compile 60
[2019.06.06-04.35.37:077][889]LogShaderCompilers: Display: Shaders left to compile 50
[2019.06.06-04.35.37:077][889]LogShaderCompilers: Display: Shaders left to compile 40
[2019.06.06-04.35.37:077][889]LogShaderCompilers: Display: Shaders left to compile 30
[2019.06.06-04.35.37:077][889]LogMaterial: Display: Missing cached shader map for material M_Custom_Landscape_Ground, compiling. 
[2019.06.06-04.35.37:128][889]LogAIModule: Creating AISystem for world Level1
[2019.06.06-04.35.37:144][889]LogAssetEditorManager: Opening Asset editor for World /Game/Levels/Level1.Level1
[2019.06.06-04.35.37:168][889]LogUObjectHash: Compacting FUObjectHashTables data took   2.03ms
[2019.06.06-04.35.37:169][889]Cmd: MAP LOAD FILE="../../../../../../Users/els/Documents/GitHub/_GAM207_unreal_3d3rdPerson/Southworth_3d3rdPer/Content/Levels/Level1.umap" TEMPLATE=0 SHOWPROGRESS=1 FEATURELEVEL=3
[2019.06.06-04.35.37:169][889]LightingResults: New page: Lighting Build
[2019.06.06-04.35.37:169][889]LoadErrors: New page: Loading map: Level1.umap
[2019.06.06-04.35.37:171][889]MapCheck: New page: Map Check
[2019.06.06-04.35.37:172][889]LightingResults: New page: Lighting Build
[2019.06.06-04.35.37:198][889]LogUObjectHash: Compacting FUObjectHashTables data took   2.26ms
[2019.06.06-04.35.37:986][889]LogEditorServer: Finished looking for orphan Actors (0.000 secs)
[2019.06.06-04.35.38:013][889]LogUObjectHash: Compacting FUObjectHashTables data took   2.32ms
[2019.06.06-04.35.38:050][889]Cmd: MAP CHECKDEP NOCLEARLOG
[2019.06.06-04.35.38:050][889]MapCheck: Map check complete: 0 Error(s), 0 Warning(s), took 0.112ms to complete.
[2019.06.06-04.35.38:050][889]LogFileHelpers: Loading map 'Level1' took 0.881
[2019.06.06-04.35.40:248][ 75]LogShaderCompilers: Display: Shaders left to compile 80
[2019.06.06-04.35.40:339][ 84]LogShaderCompilers: Display: Shaders left to compile 70
[2019.06.06-04.35.41:999][250]LogShaderCompilers: Display: Shaders left to compile 60
[2019.06.06-04.35.42:175][267]LogShaderCompilers: Display: Shaders left to compile 50
[2019.06.06-04.35.44:451][495]LogShaderCompilers: Display: Shaders left to compile 40
[2019.06.06-04.35.44:574][507]LogShaderCompilers: Display: Shaders left to compile 30
[2019.06.06-04.35.44:576][507]LogShaderCompilers: Warning: Failed to compile Material /Game/Levels/Landscape/Materials/M_Custom_Landscape_Ground.M_Custom_Landscape_Ground (MI:LandscapeMaterialInstanceConstant_539) for platform PCD3D_SM5, Default Material will be used in game.
[2019.06.06-04.35.44:576][507]LogShaderCompilers: Display: 	/Engine/Generated/Material.ush(2077,2-40):  warning X3206: implicit truncation of vector type
[2019.06.06-04.35.44:576][507]LogShaderCompilers: Display: 	/Engine/Private/LandscapeVertexFactory.ush(756,2-62):  warning X3206: implicit truncation of vector type
[2019.06.06-04.35.44:576][507]LogShaderCompilers: Display: 	/Engine/Private/LandscapeVertexFactory.ush(64,14-36):  err0r X4510: maximum ps_5_0 sampler register index (16) exceeded
[2019.06.06-04.35.44:576][507]LogShaderCompilers: Warning: Failed to compile Material /Game/Levels/Landscape/Materials/M_Custom_Landscape_Ground.M_Custom_Landscape_Ground (MI:LandscapeMaterialInstanceConstant_541) for platform PCD3D_SM5, Default Material will be used in game.
[2019.06.06-04.35.44:576][507]LogShaderCompilers: Display: 	/Engine/Generated/Material.ush(2077,2-40):  warning X3206: implicit truncation of vector type
[2019.06.06-04.35.44:576][507]LogShaderCompilers: Display: 	/Engine/Private/LandscapeVertexFactory.ush(756,2-62):  warning X3206: implicit truncation of vector type
[2019.06.06-04.35.44:576][507]LogShaderCompilers: Display: 	/Engine/Private/LandscapeVertexFactory.ush(64,14-36):  err0r X4510: maximum ps_5_0 sampler register index (16) exceeded
[2019.06.06-04.35.44:618][511]LogShaderCompilers: Display: Shaders left to compile 20
[2019.06.06-04.35.46:671][716]LogShaderCompilers: Display: Shaders left to compile 10
[2019.06.06-04.35.49:948][ 45]LogShaderCompilers: Warning: Failed to compile Material /Game/Levels/Landscape/Materials/M_Custom_Landscape_Ground.M_Custom_Landscape_Ground (MI:LandscapeMaterialInstanceConstant_556) for platform PCD3D_SM5, Default Material will be used in game.
[2019.06.06-04.35.49:948][ 45]LogShaderCompilers: Display: 	/Engine/Generated/Material.ush(2103,2-40):  warning X3206: implicit truncation of vector type
[2019.06.06-04.35.49:948][ 45]LogShaderCompilers: Display: 	/Engine/Private/LandscapeVertexFactory.ush(756,2-62):  warning X3206: implicit truncation of vector type
[2019.06.06-04.35.49:948][ 45]LogShaderCompilers: Display: 	/Engine/Private/LandscapeVertexFactory.ush(64,14-36):  err0r X4510: maximum ps_5_0 sampler register index (16) exceeded
[2019.06.06-04.35.49:948][ 45]LogShaderCompilers: Warning: Failed to compile Material /Game/Levels/Landscape/Materials/M_Custom_Landscape_Ground.M_Custom_Landscape_Ground (MI:LandscapeMaterialInstanceConstant_558) for platform PCD3D_SM5, Default Material will be used in game.
[2019.06.06-04.35.49:948][ 45]LogShaderCompilers: Display: 	/Engine/Generated/Material.ush(2103,2-40):  warning X3206: implicit truncation of vector type
[2019.06.06-04.35.49:948][ 45]LogShaderCompilers: Display: 	/Engine/Private/LandscapeVertexFactory.ush(756,2-62):  warning X3206: implicit truncation of vector type
[2019.06.06-04.35.49:948][ 45]LogShaderCompilers: Display: 	/Engine/Private/LandscapeVertexFactory.ush(64,14-36):  err0r X4510: maximum ps_5_0 sampler register index (16) exceeded
[2019.06.06-04.36.18:900][862]LogEditorViewport: Clicking on Actor (LMB): Landscape (Landscape1)
[2019.06.06-04.36.22:495][162]LogEditorViewport: Clicking on Actor (context menu): Landscape (Landscape1)
[2019.06.06-04.36.22:532][162]LogSlate: FSceneViewport::OnFocusLost() reason 2
[2019.06.06-04.36.23:421][238]LogEditorViewport: Clicking on Actor (LMB): Landscape (Landscape1)
[2019.06.06-04.36.26:076][460]LogSlate: FSceneViewport::OnFocusLost() reason 0
[2019.06.06-04.36.40:525][519]LogSlate: FSceneViewport::OnFocusLost() reason 0
[2019.06.06-04.36.40:629][530]LogTemp: Repeating last play command: Selected Viewport
[2019.06.06-04.36.40:643][530]LogBlueprintUserMessages: Early PlayInEditor Detection: Level '/Game/Levels/Level1.Level1:PersistentLevel' has LevelScriptBlueprint '/Game/Levels/Level1.Level1:PersistentLevel.Level1' with GeneratedClass '/Game/Levels/Level1.Level1_C' with ClassGeneratedBy '/Game/Levels/Level1.Level1:PersistentLevel.Level1'
[2019.06.06-04.36.40:643][530]LogPlayLevel: PlayLevel: No blueprints needed recompiling
[2019.06.06-04.36.40:643][530]PIE: New page: PIE session: Level1 (Jun 5, 2019, 8:36:40 PM)
[2019.06.06-04.36.40:643][530]LogPlayLevel: Creating play world package: /Game/Levels/UEDPIE_0_Level1
[2019.06.06-04.36.40:692][530]LogPlayLevel: PIE: StaticDuplicateObject took: (0.048624s)
[2019.06.06-04.36.40:693][530]LogAIModule: Creating AISystem for world Level1
[2019.06.06-04.36.40:693][530]LogPlayLevel: PIE: World Init took: (0.001106s)
[2019.06.06-04.36.40:693][530]LogPlayLevel: PIE: Created PIE world by copying editor world from /Game/Levels/Level1.Level1 to /Game/Levels/UEDPIE_0_Level1.Level1 (0.049978s)
[2019.06.06-04.36.40:718][530]LogUObjectHash: Compacting FUObjectHashTables data took   1.27ms
[2019.06.06-04.36.40:720][530]LogInit: XAudio2 using 'Speakers (Realtek High Definition Audio)' : 2 channels at 48 kHz using 32 bits per sample (channel mask 0x3)
[2019.06.06-04.36.40:726][530]LogInit: FAudioDevice initialized.
[2019.06.06-04.36.40:752][530]LogLoad: Game class is 'ThirdPersonGameMode_C'
[2019.06.06-04.36.40:756][530]LogWorld: Bringing World /Game/Levels/UEDPIE_0_Level1.Level1 up for play (max tick rate 0) at 2019.06.06-00.36.40
[2019.06.06-04.36.40:756][530]LogWorld: Bringing up level for play took: 0.003158
[2019.06.06-04.36.40:773][530]PIE: Play in editor start time for /Game/Levels/UEDPIE_0_Level1 0.162
[2019.06.06-04.36.40:773][530]LogBlueprintUserMessages: Late PlayInEditor Detection: Level '/Game/Levels/Level1.Level1:PersistentLevel' has LevelScriptBlueprint '/Game/Levels/Level1.Level1:PersistentLevel.Level1' with GeneratedClass '/Game/Levels/Level1.Level1_C' with ClassGeneratedBy '/Game/Levels/Level1.Level1:PersistentLevel.Level1'
[2019.06.06-04.37.17:380][ 24]LogSlate: Updating window title bar state: overlay mode, drag disabled, window buttons hidden, title bar hidden
[2019.06.06-04.37.17:380][ 24]LogBlueprintUserMessages: Early EndPlayMap Detection: Level '/Game/Levels/Level1.Level1:PersistentLevel' has LevelScriptBlueprint '/Game/Levels/Level1.Level1:PersistentLevel.Level1' with GeneratedClass '/Game/Levels/Level1.Level1_C' with ClassGeneratedBy '/Game/Levels/Level1.Level1:PersistentLevel.Level1'
[2019.06.06-04.37.17:414][ 24]LogPlayLevel: Display: Shutting down PIE online subsystems
[2019.06.06-04.37.17:414][ 24]LogBlueprintUserMessages: Late EndPlayMap Detection: Level '/Game/Levels/Level1.Level1:PersistentLevel' has LevelScriptBlueprint '/Game/Levels/Level1.Level1:PersistentLevel.Level1' with GeneratedClass '/Game/Levels/Level1.Level1_C' with ClassGeneratedBy '/Game/Levels/Level1.Level1:PersistentLevel.Level1'
[2019.06.06-04.37.17:440][ 24]LogSlate: Updating window title bar state: overlay mode, drag disabled, window buttons hidden, title bar hidden
[2019.06.06-04.37.17:444][ 24]LogUObjectHash: Compacting FUObjectHashTables data took   1.34ms
[2019.06.06-04.37.17:488][ 25]LogPlayLevel: Display: Destroying online subsystem :Context_3
[2019.06.06-04.37.20:331][315]LogEditorViewport: Clicking on Actor (context menu): Landscape (Landscape1)
[2019.06.06-04.37.20:379][315]LogSlate: FSceneViewport::OnFocusLost() reason 2
[2019.06.06-04.37.21:383][407]LogEditorViewport: Clicking on Actor (context menu): Landscape (Landscape1)
[2019.06.06-04.37.21:417][407]LogSlate: FSceneViewport::OnFocusLost() reason 2
[2019.06.06-04.37.22:678][523]LogEditorViewport: Clicking on Actor (context menu): Landscape (Landscape1)
[2019.06.06-04.37.22:712][523]LogSlate: FSceneViewport::OnFocusLost() reason 2
[2019.06.06-04.37.25:243][745]LogEditorViewport: Clicking on Actor (LMB): Landscape (Landscape1)
[2019.06.06-04.37.31:326][374]LogSlate: FSceneViewport::OnFocusLost() reason 0
[2019.06.06-04.37.31:446][386]LogTemp: Repeating last play command: Selected Viewport
[2019.06.06-04.37.31:461][386]LogBlueprintUserMessages: Early PlayInEditor Detection: Level '/Game/Levels/Level1.Level1:PersistentLevel' has LevelScriptBlueprint '/Game/Levels/Level1.Level1:PersistentLevel.Level1' with GeneratedClass '/Game/Levels/Level1.Level1_C' with ClassGeneratedBy '/Game/Levels/Level1.Level1:PersistentLevel.Level1'
[2019.06.06-04.37.31:461][386]LogPlayLevel: PlayLevel: No blueprints needed recompiling
[2019.06.06-04.37.31:461][386]PIE: New page: PIE session: Level1 (Jun 5, 2019, 8:37:31 PM)
[2019.06.06-04.37.31:461][386]LogPlayLevel: Creating play world package: /Game/Levels/UEDPIE_0_Level1
[2019.06.06-04.37.31:505][386]LogPlayLevel: PIE: StaticDuplicateObject took: (0.044109s)
[2019.06.06-04.37.31:507][386]LogAIModule: Creating AISystem for world Level1
[2019.06.06-04.37.31:507][386]LogPlayLevel: PIE: World Init took: (0.001344s)
[2019.06.06-04.37.31:507][386]LogPlayLevel: PIE: Created PIE world by copying editor world from /Game/Levels/Level1.Level1 to /Game/Levels/UEDPIE_0_Level1.Level1 (0.045632s)
[2019.06.06-04.37.31:533][386]LogUObjectHash: Compacting FUObjectHashTables data took   1.22ms
[2019.06.06-04.37.31:535][386]LogInit: XAudio2 using 'Speakers (Realtek High Definition Audio)' : 2 channels at 48 kHz using 32 bits per sample (channel mask 0x3)
[2019.06.06-04.37.31:541][386]LogInit: FAudioDevice initialized.
[2019.06.06-04.37.31:569][386]LogLoad: Game class is 'ThirdPersonGameMode_C'
[2019.06.06-04.37.31:572][386]LogWorld: Bringing World /Game/Levels/UEDPIE_0_Level1.Level1 up for play (max tick rate 0) at 2019.06.06-00.37.31
[2019.06.06-04.37.31:573][386]LogWorld: Bringing up level for play took: 0.003005
[2019.06.06-04.37.31:590][386]PIE: Play in editor start time for /Game/Levels/UEDPIE_0_Level1 0.98
[2019.06.06-04.37.31:590][386]LogBlueprintUserMessages: Late PlayInEditor Detection: Level '/Game/Levels/Level1.Level1:PersistentLevel' has LevelScriptBlueprint '/Game/Levels/Level1.Level1:PersistentLevel.Level1' with GeneratedClass '/Game/Levels/Level1.Level1_C' with ClassGeneratedBy '/Game/Levels/Level1.Level1:PersistentLevel.Level1'
[2019.06.06-04.38.07:975][369]LogSlate: Updating window title bar state: overlay mode, drag disabled, window buttons hidden, title bar hidden
[2019.06.06-04.38.07:975][369]LogBlueprintUserMessages: Early EndPlayMap Detection: Level '/Game/Levels/Level1.Level1:PersistentLevel' has LevelScriptBlueprint '/Game/Levels/Level1.Level1:PersistentLevel.Level1' with GeneratedClass '/Game/Levels/Level1.Level1_C' with ClassGeneratedBy '/Game/Levels/Level1.Level1:PersistentLevel.Level1'
[2019.06.06-04.38.08:010][369]LogPlayLevel: Display: Shutting down PIE online subsystems
[2019.06.06-04.38.08:010][369]LogBlueprintUserMessages: Late EndPlayMap Detection: Level '/Game/Levels/Level1.Level1:PersistentLevel' has LevelScriptBlueprint '/Game/Levels/Level1.Level1:PersistentLevel.Level1' with GeneratedClass '/Game/Levels/Level1.Level1_C' with ClassGeneratedBy '/Game/Levels/Level1.Level1:PersistentLevel.Level1'
[2019.06.06-04.38.08:035][369]LogSlate: Updating window title bar state: overlay mode, drag disabled, window buttons hidden, title bar hidden
[2019.06.06-04.38.08:039][369]LogUObjectHash: Compacting FUObjectHashTables data took   1.26ms
[2019.06.06-04.38.08:087][370]LogPlayLevel: Display: Destroying online subsystem :Context_4
[2019.06.06-04.38.27:376][114]LogEditorViewport: Clicking on Actor (LMB): StaticMeshActor (Shape_Plane_River_West)
[2019.06.06-04.39.20:757][755]LogSlate: FSceneViewport::OnFocusLost() reason 0
